#
# A fatal error has been detected by the Java Runtime Environment:
#
#  SIGSEGV (0xb) at pc=0x000000012235f511, pid=55118, tid=1811
#
# JRE version: Java(TM) SE Runtime Environment (8.0_45-b14) (build 1.8.0_45-b14)
# Java VM: Java HotSpot(TM) 64-Bit Server VM (25.45-b02 mixed mode bsd-amd64 compressed oops)
# Problematic frame:
# C  [libglass.dylib+0x15511]  GlassScreenDidChangeScreenParameters+0x21
#
# Failed to write core dump. Core dumps have been disabled. To enable core dumping, try "ulimit -c unlimited" before starting Java again
#
# If you would like to submit a bug report, please visit:
#   http://bugreport.java.com/bugreport/crash.jsp
#

---------------  T H R E A D  ---------------

Current thread is native thread

siginfo: si_signo: 11 (SIGSEGV), si_code: 1 (SEGV_MAPERR), si_addr: 0x0000000000000000

Registers:
RAX=0x0000000122391ac8, RBX=0x0000000000000000, RCX=0x93005240899d5f34, RDX=0x00007fff7c5a51f8
RSP=0x00007fff578be2c0, RBP=0x00007fff578be2d0, RSI=0x00007f84f86114a0, RDI=0x0000000000000000
R8 =0x00007fff578be170, R9 =0x00007fff7bef9300, R10=0x0000000000000000, R11=0x0000000000000246
R12=0x00007f84f8529370, R13=0x00000000000f426a, R14=0x00007f84f87779e0, R15=0x00007fff578be410
RIP=0x000000012235f511, EFLAGS=0x0000000000010246, ERR=0x0000000000000004
  TRAPNO=0x000000000000000e

Top of Stack: (sp=0x00007fff578be2c0)
0x00007fff578be2c0:   00007fff578be4a0 00007f84f87779e0
0x00007fff578be2d0:   00007fff578be2e0 00007fff98ccb45c
0x00007fff578be2e0:   00007fff578be640 00007fff98bbb634
0x00007fff578be2f0:   00007fff578be340 0000000000001e00
0x00007fff578be300:   00007fff7d532ed0 00007f84f8734500
0x00007fff578be310:   0000000000001003 0000000000000270
0x00007fff578be320:   00007f84f8734500 00007f84f87779e0
0x00007fff578be330:   0000000000000000 00007fff578be410
0x00007fff578be340:   0000000000000000 00007f84f87779a0
0x00007fff578be350:   00007fff578be490 000000000000001a
0x00007fff578be360:   00000000000f4291 00007f84f840cb90
0x00007fff578be370:   00007f84f8573170 00007f84f8529370
0x00007fff578be380:   0000000000000001 00000000000f426a
0x00007fff578be390:   00007f84f8529360 00007fff8cc0cb90
0x00007fff578be3a0:   0000000000000001 0000000000000001
0x00007fff578be3b0:   0000000000000030 0000000000000001
0x00007fff578be3c0:   00007fff578be3e0 00007fff8cc0d546
0x00007fff578be3d0:   00007fff7d530fb0 0000000000000000
0x00007fff578be3e0:   00007fff578be400 0000000000000001
0x00007fff578be3f0:   00003803f87b3f30 00007f84f8529394
0x00007fff578be400:   0000000000000000 00007fff98bb110f
0x00007fff578be410:   00007f84f87779e0 00007fff7d530fb0
0x00007fff578be420:   00007fff578be4a0 00007fff98bb9c3f
0x00007fff578be430:   00007fff578be4a4 00000000001a5701
0x00007fff578be440:   000000010835da00 0000000000000002
0x00007fff578be450:   000000010835a000 00007f84f842b782
0x00007fff578be460:   0000000000000003 000000010835f800
0x00007fff578be470:   00007fff578be560 00007fff8cc09b36
0x00007fff578be480:   00007f84f8632940 00007fff578be648
0x00007fff578be490:   0000000000000017 0000000000000000
0x00007fff578be4a0:   00000000000f426a 00007fff98bb1403
0x00007fff578be4b0:   00007fff00000000 00007f84f8577a20 

Instructions: (pc=0x000000012235f511)
0x000000012235f4f1:   48 89 e5 41 56 53 48 8d 05 c2 26 03 00 48 83 38
0x000000012235f501:   00 48 89 fb 75 72 48 8d 05 ba 25 03 00 48 8b 30
0x000000012235f511:   48 8b 03 48 8d 15 6c 9a 01 00 48 8d 0d 86 6f 01
0x000000012235f521:   00 48 89 df ff 90 88 03 00 00 48 8d 0d 8e 26 03 

Register to memory mapping:

RAX=0x0000000122391ac8: jScreenClass+0 in /Library/Java/JavaVirtualMachines/jdk1.8.0_45.jdk/Contents/Home/jre/lib/libglass.dylib at 0x000000012234a000
RBX=0x0000000000000000 is an unknown value
RCX=0x93005240899d5f34 is an unknown value
RDX=0x00007fff7c5a51f8: __sFX+0x1c8 in /usr/lib/system/libsystem_c.dylib at 0x00007fff93192000
RSP=0x00007fff578be2c0 is an unknown value
RBP=0x00007fff578be2d0 is an unknown value
RSI=0x00007f84f86114a0 is a global jni handle
RDI=0x0000000000000000 is an unknown value
R8 =0x00007fff578be170 is an unknown value
R9 =0x00007fff7bef9300: _thread+0 in /usr/lib/system/libsystem_pthread.dylib at 0x00007fff9015f000
R10=0x0000000000000000 is an unknown value
R11=0x0000000000000246 is an unknown value
R12=0x00007f84f8529370 is an unknown value
R13=0x00000000000f426a is an unknown value
R14=0x00007f84f87779e0 is an unknown value
R15=0x00007fff578be410 is an unknown value


Stack: [0x00007fff570c1000,0x00007fff578c1000],  sp=0x00007fff578be2c0,  free space=8180k
Native frames: (J=compiled Java code, j=interpreted, Vv=VM code, C=native code)
C  [libglass.dylib+0x15511]  GlassScreenDidChangeScreenParameters+0x21
C  [CoreFoundation+0x12045c]  __CFNOTIFICATIONCENTER_IS_CALLING_OUT_TO_AN_OBSERVER__+0xc
C  [CoreFoundation+0x10634]  _CFXNotificationPost+0xc44
C  [Foundation+0x79d1]  -[NSNotificationCenter postNotificationName:object:userInfo:]+0x42
C  [AppKit+0x40de7e]  -[NSApplication _reactToScreenInvalidationImmediately:]+0x17b
C  [AppKit+0x40dcc7]  __44-[NSApplication _reactToScreenInvalidation:]_block_invoke+0x4b
C  [CoreFoundation+0x808ec]  __CFRUNLOOP_IS_CALLING_OUT_TO_A_BLOCK__+0xc
C  [CoreFoundation+0x729f5]  __CFRunLoopDoBlocks+0x155
C  [CoreFoundation+0x72536]  __CFRunLoopRun+0x716
C  [CoreFoundation+0x71bd8]  CFRunLoopRunSpecific+0x128
C  [java+0x6490]  CreateExecutionEnvironment+0x367
C  [java+0x221c]  JLI_Launch+0x7a0
C  [java+0x84ed]  main+0x65
C  [java+0x1a74]  start+0x34


---------------  P R O C E S S  ---------------

VM state:not at safepoint (normal execution)

VM Mutex/Monitor currently owned by a thread: None

Heap:
 PSYoungGen      total 38400K, used 17121K [0x0000000795580000, 0x0000000798000000, 0x00000007c0000000)
  eden space 33280K, 51% used [0x0000000795580000,0x0000000796638528,0x0000000797600000)
  from space 5120K, 0% used [0x0000000797b00000,0x0000000797b00000,0x0000000798000000)
  to   space 5120K, 0% used [0x0000000797600000,0x0000000797600000,0x0000000797b00000)
 ParOldGen       total 87552K, used 0K [0x0000000740000000, 0x0000000745580000, 0x0000000795580000)
  object space 87552K, 0% used [0x0000000740000000,0x0000000740000000,0x0000000745580000)
 Metaspace       used 8214K, capacity 8654K, committed 8960K, reserved 1056768K
  class space    used 1058K, capacity 1176K, committed 1280K, reserved 1048576K

Card table byte_map: [0x0000000119129000,0x000000011952a000] byte_map_base: 0x0000000115729000

Marking Bits: (ParMarkBitMap*) 0x00000001096c27a0
 Begin Bits: [0x0000000119be1000, 0x000000011bbe1000)
 End Bits:   [0x000000011bbe1000, 0x000000011dbe1000)

Polling page: 0x000000010859b000

CodeCache: size=245760Kb used=2554Kb max_used=2554Kb free=243205Kb
 bounds [0x0000000109d69000, 0x0000000109fe9000, 0x0000000118d69000]
 total_blobs=1032 nmethods=620 adapters=326
 compilation: enabled

Compilation events (10 events):
Event: 0.596 Thread 0x00007f84f882e000  615       3       java.util.Date::getCalendarSystem (31 bytes)
Event: 0.596 Thread 0x00007f84f882e000 nmethod 615 0x0000000109fdfe50 code [0x0000000109fe0020, 0x0000000109fe0748]
Event: 0.596 Thread 0x00007f84f882e000  617       3       java.util.Date::getCalendarSystem (25 bytes)
Event: 0.597 Thread 0x00007f84f882e000 nmethod 617 0x0000000109fe0990 code [0x0000000109fe0b00, 0x0000000109fe0d90]
Event: 0.597 Thread 0x00007f84f882e000  616       3       java.util.Date::normalize (269 bytes)
Event: 0.601 Thread 0x00007f84f882e000 nmethod 616 0x0000000109fe1250 code [0x0000000109fe16a0, 0x0000000109fe4fe8]
Event: 0.669 Thread 0x00007f84f882e000  619       3       sun.invoke.util.VerifyAccess::isClassAccessible (66 bytes)
Event: 0.669 Thread 0x00007f84f882e000 nmethod 619 0x0000000109fe6a10 code [0x0000000109fe6be0, 0x0000000109fe7268]
Event: 0.669 Thread 0x00007f84f882e000  620       3       sun.invoke.util.VerifyAccess::getClassModifiers (24 bytes)
Event: 0.669 Thread 0x00007f84f882e000 nmethod 620 0x0000000109fe7450 code [0x0000000109fe75e0, 0x0000000109fe79d8]

GC Heap History (0 events):
No events

Deoptimization events (2 events):
Event: 0.495 Thread 0x00007f84f906a000 Uncommon trap: reason=unstable_if action=reinterpret pc=0x0000000109f242a4 method=java.lang.String.replace(CC)Ljava/lang/String; @ 2
Event: 0.524 Thread 0x00007f84f906a000 Uncommon trap: reason=unstable_if action=reinterpret pc=0x0000000109fb5f34 method=java.util.HashMap.getNode(ILjava/lang/Object;)Ljava/util/HashMap$Node; @ 84

Internal exceptions (10 events):
Event: 0.103 Thread 0x00007f84f9002000 Exception <a 'java/security/PrivilegedActionException'> (0x00000007957b2820) thrown at [/Users/java_re/workspace/8-2-build-macosx-x86_64/jdk8u45/3457/hotspot/src/share/vm/prims/jvm.cpp, line 1382]
Event: 0.160 Thread 0x00007f84f9002000 Exception <a 'java/lang/NoSuchFieldError': method resolution failed> (0x00000007958c2948) thrown at [/Users/java_re/workspace/8-2-build-macosx-x86_64/jdk8u45/3457/hotspot/src/share/vm/prims/methodHandles.cpp, line 1125]
Event: 0.162 Thread 0x00007f84f9002000 Exception <a 'java/lang/NoSuchFieldError': method resolution failed> (0x00000007958d1028) thrown at [/Users/java_re/workspace/8-2-build-macosx-x86_64/jdk8u45/3457/hotspot/src/share/vm/prims/methodHandles.cpp, line 1125]
Event: 0.183 Thread 0x00007f84f9002000 Exception <a 'java/security/PrivilegedActionException'> (0x000000079595d600) thrown at [/Users/java_re/workspace/8-2-build-macosx-x86_64/jdk8u45/3457/hotspot/src/share/vm/prims/jvm.cpp, line 1382]
Event: 0.183 Thread 0x00007f84f9002000 Exception <a 'java/security/PrivilegedActionException'> (0x000000079595d7b8) thrown at [/Users/java_re/workspace/8-2-build-macosx-x86_64/jdk8u45/3457/hotspot/src/share/vm/prims/jvm.cpp, line 1382]
Event: 0.183 Thread 0x00007f84f9002000 Exception <a 'java/security/PrivilegedActionException'> (0x00000007959609a8) thrown at [/Users/java_re/workspace/8-2-build-macosx-x86_64/jdk8u45/3457/hotspot/src/share/vm/prims/jvm.cpp, line 1382]
Event: 0.183 Thread 0x00007f84f9002000 Exception <a 'java/security/PrivilegedActionException'> (0x0000000795960b60) thrown at [/Users/java_re/workspace/8-2-build-macosx-x86_64/jdk8u45/3457/hotspot/src/share/vm/prims/jvm.cpp, line 1382]
Event: 0.183 Thread 0x00007f84f9002000 Exception <a 'java/lang/NullPointerException'> (0x0000000795962480) thrown at [/Users/java_re/workspace/8-2-build-macosx-x86_64/jdk8u45/3457/hotspot/src/share/vm/interpreter/linkResolver.cpp, line 1178]
Event: 0.489 Thread 0x00007f84f906a000 Exception <a 'java/lang/NullPointerException'> (0x00000007962281d8) thrown at [/Users/java_re/workspace/8-2-build-macosx-x86_64/jdk8u45/3457/hotspot/src/share/vm/interpreter/linkResolver.cpp, line 1178]
Event: 0.489 Thread 0x00007f84f906a000 Exception <a 'java/lang/NullPointerException'> (0x00000007962281d8) thrown at [/Users/java_re/workspace/8-2-build-macosx-x86_64/jdk8u45/3457/hotspot/src/share/vm/prims/jvm.cpp, line 1386]

Events (10 events):
Event: 0.670 loading class com/sun/javafx/sg/prism/NodePath
Event: 0.670 loading class com/sun/javafx/sg/prism/NodePath done
Event: 0.671 loading class java/util/LinkedList$ListItr
Event: 0.671 loading class java/util/LinkedList$ListItr done
Event: 0.672 loading class com/sun/javafx/tk/quantum/QuantumRenderer
Event: 0.672 loading class com/sun/javafx/tk/quantum/QuantumRenderer done
Event: 0.673 loading class com/sun/javafx/tk/quantum/QuantumToolkit
Event: 0.673 loading class com/sun/javafx/tk/quantum/QuantumToolkit done
Event: 0.673 Thread 0x00007f84f9863800 Thread exited: 0x00007f84f9863800
Event: 0.675 Thread 0x00007f84f906a000 Thread exited: 0x00007f84f906a000


Dynamic libraries:
0x000000000b3a5000 	/System/Library/Frameworks/Cocoa.framework/Versions/A/Cocoa
0x000000000b3a5000 	/System/Library/Frameworks/Security.framework/Versions/A/Security
0x000000000b3a5000 	/System/Library/Frameworks/ApplicationServices.framework/Versions/A/ApplicationServices
0x000000000b3a5000 	/usr/lib/libz.1.dylib
0x000000000b3a5000 	/usr/lib/libSystem.B.dylib
0x000000000b3a5000 	/usr/lib/libobjc.A.dylib
0x000000000b3a5000 	/System/Library/Frameworks/CoreFoundation.framework/Versions/A/CoreFoundation
0x000000000b3a5000 	/System/Library/Frameworks/Foundation.framework/Versions/C/Foundation
0x000000000b3a5000 	/System/Library/Frameworks/AppKit.framework/Versions/C/AppKit
0x000000000b3a5000 	/System/Library/Frameworks/CoreData.framework/Versions/A/CoreData
0x000000000b3a5000 	/System/Library/PrivateFrameworks/RemoteViewServices.framework/Versions/A/RemoteViewServices
0x000000000b3a5000 	/System/Library/PrivateFrameworks/UIFoundation.framework/Versions/A/UIFoundation
0x000000000b3a5000 	/System/Library/Frameworks/IOSurface.framework/Versions/A/IOSurface
0x000000000b3a5000 	/System/Library/Frameworks/AudioToolbox.framework/Versions/A/AudioToolbox
0x000000000b3a5000 	/System/Library/Frameworks/AudioUnit.framework/Versions/A/AudioUnit
0x000000000b3a5000 	/System/Library/PrivateFrameworks/DataDetectorsCore.framework/Versions/A/DataDetectorsCore
0x000000000b3a5000 	/System/Library/PrivateFrameworks/DesktopServicesPriv.framework/Versions/A/DesktopServicesPriv
0x000000000b3a5000 	/System/Library/Frameworks/Carbon.framework/Versions/A/Frameworks/HIToolbox.framework/Versions/A/HIToolbox
0x000000000b3a5000 	/System/Library/Frameworks/QuartzCore.framework/Versions/A/QuartzCore
0x000000000b3a5000 	/System/Library/Frameworks/Carbon.framework/Versions/A/Frameworks/SpeechRecognition.framework/Versions/A/SpeechRecognition
0x000000000b3a5000 	/usr/lib/libauto.dylib
0x000000000b3a5000 	/usr/lib/libicucore.A.dylib
0x000000000b3a5000 	/usr/lib/libxml2.2.dylib
0x000000000b3a5000 	/System/Library/PrivateFrameworks/CoreUI.framework/Versions/A/CoreUI
0x000000000b3a5000 	/System/Library/Frameworks/CoreAudio.framework/Versions/A/CoreAudio
0x000000000b3a5000 	/System/Library/Frameworks/DiskArbitration.framework/Versions/A/DiskArbitration
0x000000000b3a5000 	/usr/lib/liblangid.dylib
0x000000000b3a5000 	/System/Library/PrivateFrameworks/MultitouchSupport.framework/Versions/A/MultitouchSupport
0x000000000b3a5000 	/System/Library/Frameworks/IOKit.framework/Versions/A/IOKit
0x000000000b3a5000 	/usr/lib/libDiagnosticMessagesClient.dylib
0x000000000b3a5000 	/System/Library/Frameworks/CoreServices.framework/Versions/A/CoreServices
0x000000000b3a5000 	/System/Library/PrivateFrameworks/PerformanceAnalysis.framework/Versions/A/PerformanceAnalysis
0x000000000b3a5000 	/System/Library/PrivateFrameworks/GenerationalStorage.framework/Versions/A/GenerationalStorage
0x000000000b3a5000 	/System/Library/Frameworks/OpenGL.framework/Versions/A/OpenGL
0x000000000b3a5000 	/System/Library/PrivateFrameworks/Sharing.framework/Versions/A/Sharing
0x000000000b3a5000 	/System/Library/Frameworks/CoreGraphics.framework/Versions/A/CoreGraphics
0x000000000b3a5000 	/System/Library/Frameworks/CoreText.framework/Versions/A/CoreText
0x000000000b3a5000 	/System/Library/Frameworks/ImageIO.framework/Versions/A/ImageIO
0x000000000b3a5000 	/usr/lib/libextension.dylib
0x000000000b3a5000 	/System/Library/PrivateFrameworks/Backup.framework/Versions/A/Backup
0x000000000b3a5000 	/usr/lib/libarchive.2.dylib
0x000000000b3a5000 	/System/Library/Frameworks/CFNetwork.framework/Versions/A/CFNetwork
0x000000000b3a5000 	/System/Library/Frameworks/SystemConfiguration.framework/Versions/A/SystemConfiguration
0x000000000b3a5000 	/usr/lib/libCRFSuite.dylib
0x000000000b3a5000 	/usr/lib/libc++.1.dylib
0x000000000b3a5000 	/usr/lib/libc++abi.dylib
0x000000000b3a5000 	/usr/lib/system/libcache.dylib
0x000000000b3a5000 	/usr/lib/system/libcommonCrypto.dylib
0x000000000b3a5000 	/usr/lib/system/libcompiler_rt.dylib
0x000000000b3a5000 	/usr/lib/system/libcopyfile.dylib
0x000000000b3a5000 	/usr/lib/system/libcorecrypto.dylib
0x000000000b3a5000 	/usr/lib/system/libdispatch.dylib
0x000000000b3a5000 	/usr/lib/system/libdyld.dylib
0x000000000b3a5000 	/usr/lib/system/libkeymgr.dylib
0x000000000b3a5000 	/usr/lib/system/liblaunch.dylib
0x000000000b3a5000 	/usr/lib/system/libmacho.dylib
0x000000000b3a5000 	/usr/lib/system/libquarantine.dylib
0x000000000b3a5000 	/usr/lib/system/libremovefile.dylib
0x000000000b3a5000 	/usr/lib/system/libsystem_asl.dylib
0x000000000b3a5000 	/usr/lib/system/libsystem_blocks.dylib
0x000000000b3a5000 	/usr/lib/system/libsystem_c.dylib
0x000000000b3a5000 	/usr/lib/system/libsystem_configuration.dylib
0x000000000b3a5000 	/usr/lib/system/libsystem_coreservices.dylib
0x000000000b3a5000 	/usr/lib/system/libsystem_coretls.dylib
0x000000000b3a5000 	/usr/lib/system/libsystem_dnssd.dylib
0x000000000b3a5000 	/usr/lib/system/libsystem_info.dylib
0x000000000b3a5000 	/usr/lib/system/libsystem_kernel.dylib
0x000000000b3a5000 	/usr/lib/system/libsystem_m.dylib
0x000000000b3a5000 	/usr/lib/system/libsystem_malloc.dylib
0x000000000b3a5000 	/usr/lib/system/libsystem_network.dylib
0x000000000b3a5000 	/usr/lib/system/libsystem_networkextension.dylib
0x000000000b3a5000 	/usr/lib/system/libsystem_notify.dylib
0x000000000b3a5000 	/usr/lib/system/libsystem_platform.dylib
0x000000000b3a5000 	/usr/lib/system/libsystem_pthread.dylib
0x000000000b3a5000 	/usr/lib/system/libsystem_sandbox.dylib
0x000000000b3a5000 	/usr/lib/system/libsystem_secinit.dylib
0x000000000b3a5000 	/usr/lib/system/libsystem_stats.dylib
0x000000000b3a5000 	/usr/lib/system/libsystem_trace.dylib
0x000000000b3a5000 	/usr/lib/system/libunc.dylib
0x000000000b3a5000 	/usr/lib/system/libunwind.dylib
0x000000000b3a5000 	/usr/lib/system/libxpc.dylib
0x000000000b3a5000 	/usr/lib/libbz2.1.0.dylib
0x000000000b3a5000 	/usr/lib/liblzma.5.dylib
0x000000000b3a5000 	/usr/lib/libbsm.0.dylib
0x000000000b3a5000 	/usr/lib/libsqlite3.dylib
0x000000000b3a5000 	/usr/lib/system/libkxld.dylib
0x000000000b3a5000 	/usr/lib/libxar.1.dylib
0x000000000b3a5000 	/usr/lib/libpam.2.dylib
0x000000000b3a5000 	/usr/lib/libOpenScriptingUtil.dylib
0x000000000b3a5000 	/System/Library/Frameworks/CoreServices.framework/Versions/A/Frameworks/FSEvents.framework/Versions/A/FSEvents
0x000000000b3a5000 	/System/Library/Frameworks/CoreServices.framework/Versions/A/Frameworks/CarbonCore.framework/Versions/A/CarbonCore
0x000000000b3a5000 	/System/Library/Frameworks/CoreServices.framework/Versions/A/Frameworks/Metadata.framework/Versions/A/Metadata
0x000000000b3a5000 	/System/Library/Frameworks/CoreServices.framework/Versions/A/Frameworks/OSServices.framework/Versions/A/OSServices
0x000000000b3a5000 	/System/Library/Frameworks/CoreServices.framework/Versions/A/Frameworks/SearchKit.framework/Versions/A/SearchKit
0x000000000b3a5000 	/System/Library/Frameworks/CoreServices.framework/Versions/A/Frameworks/AE.framework/Versions/A/AE
0x000000000b3a5000 	/System/Library/Frameworks/CoreServices.framework/Versions/A/Frameworks/LaunchServices.framework/Versions/A/LaunchServices
0x000000000b3a5000 	/System/Library/Frameworks/CoreServices.framework/Versions/A/Frameworks/DictionaryServices.framework/Versions/A/DictionaryServices
0x000000000b3a5000 	/System/Library/Frameworks/NetFS.framework/Versions/A/NetFS
0x000000000b3a5000 	/System/Library/PrivateFrameworks/NetAuth.framework/Versions/A/NetAuth
0x000000000b3a5000 	/System/Library/PrivateFrameworks/login.framework/Versions/A/Frameworks/loginsupport.framework/Versions/A/loginsupport
0x000000000b3a5000 	/System/Library/PrivateFrameworks/TCC.framework/Versions/A/TCC
0x000000000b3a5000 	/usr/lib/libmecabra.dylib
0x000000000b3a5000 	/System/Library/Frameworks/ApplicationServices.framework/Versions/A/Frameworks/ATS.framework/Versions/A/ATS
0x000000000b3a5000 	/System/Library/Frameworks/ApplicationServices.framework/Versions/A/Frameworks/ColorSync.framework/Versions/A/ColorSync
0x000000000b3a5000 	/System/Library/Frameworks/ApplicationServices.framework/Versions/A/Frameworks/HIServices.framework/Versions/A/HIServices
0x000000000b3a5000 	/System/Library/Frameworks/ApplicationServices.framework/Versions/A/Frameworks/LangAnalysis.framework/Versions/A/LangAnalysis
0x000000000b3a5000 	/System/Library/Frameworks/ApplicationServices.framework/Versions/A/Frameworks/PrintCore.framework/Versions/A/PrintCore
0x000000000b3a5000 	/System/Library/Frameworks/ApplicationServices.framework/Versions/A/Frameworks/QD.framework/Versions/A/QD
0x000000000b3a5000 	/System/Library/Frameworks/ApplicationServices.framework/Versions/A/Frameworks/SpeechSynthesis.framework/Versions/A/SpeechSynthesis
0x000000000b3a5000 	/System/Library/Frameworks/Accelerate.framework/Versions/A/Accelerate
0x000000000b3a5000 	/System/Library/Frameworks/Accelerate.framework/Versions/A/Frameworks/vImage.framework/Versions/A/vImage
0x000000000b3a5000 	/System/Library/Frameworks/Accelerate.framework/Versions/A/Frameworks/vecLib.framework/Versions/A/vecLib
0x000000000b3a5000 	/System/Library/Frameworks/Accelerate.framework/Versions/A/Frameworks/vecLib.framework/Versions/A/libvDSP.dylib
0x000000000b3a5000 	/System/Library/Frameworks/Accelerate.framework/Versions/A/Frameworks/vecLib.framework/Versions/A/libvMisc.dylib
0x000000000b3a5000 	/System/Library/Frameworks/Accelerate.framework/Versions/A/Frameworks/vecLib.framework/Versions/A/libLAPACK.dylib
0x000000000b3a5000 	/System/Library/Frameworks/Accelerate.framework/Versions/A/Frameworks/vecLib.framework/Versions/A/libBLAS.dylib
0x000000000b3a5000 	/System/Library/Frameworks/Accelerate.framework/Versions/A/Frameworks/vecLib.framework/Versions/A/libLinearAlgebra.dylib
0x000000000b3a5000 	/System/Library/Frameworks/ApplicationServices.framework/Versions/A/Frameworks/ATS.framework/Versions/A/Resources/libFontParser.dylib
0x000000000b3a5000 	/System/Library/Frameworks/ApplicationServices.framework/Versions/A/Frameworks/ATS.framework/Versions/A/Resources/libFontRegistry.dylib
0x000000000b3a5000 	/System/Library/PrivateFrameworks/AppleVPA.framework/Versions/A/AppleVPA
0x000000000b3a5000 	/System/Library/PrivateFrameworks/AppleJPEG.framework/Versions/A/AppleJPEG
0x000000000b3a5000 	/System/Library/Frameworks/ImageIO.framework/Versions/A/Resources/libJPEG.dylib
0x000000000b3a5000 	/System/Library/Frameworks/ImageIO.framework/Versions/A/Resources/libTIFF.dylib
0x000000000b3a5000 	/System/Library/Frameworks/ImageIO.framework/Versions/A/Resources/libPng.dylib
0x000000000b3a5000 	/System/Library/Frameworks/ImageIO.framework/Versions/A/Resources/libGIF.dylib
0x000000000b3a5000 	/System/Library/Frameworks/ImageIO.framework/Versions/A/Resources/libJP2.dylib
0x000000000b3a5000 	/System/Library/Frameworks/ImageIO.framework/Versions/A/Resources/libRadiance.dylib
0x000000000b3a5000 	/System/Library/Frameworks/CoreVideo.framework/Versions/A/CoreVideo
0x000000000b3a5000 	/System/Library/Frameworks/OpenGL.framework/Versions/A/Libraries/libGLU.dylib
0x000000000b3a5000 	/System/Library/Frameworks/OpenGL.framework/Versions/A/Libraries/libGFXShared.dylib
0x000000000b3a5000 	/System/Library/Frameworks/OpenGL.framework/Versions/A/Libraries/libGL.dylib
0x000000000b3a5000 	/System/Library/Frameworks/OpenGL.framework/Versions/A/Libraries/libGLImage.dylib
0x000000000b3a5000 	/System/Library/Frameworks/OpenGL.framework/Versions/A/Libraries/libCVMSPluginSupport.dylib
0x000000000b3a5000 	/System/Library/Frameworks/OpenGL.framework/Versions/A/Libraries/libCoreVMClient.dylib
0x000000000b3a5000 	/usr/lib/libcups.2.dylib
0x000000000b3a5000 	/System/Library/Frameworks/Kerberos.framework/Versions/A/Kerberos
0x000000000b3a5000 	/System/Library/Frameworks/GSS.framework/Versions/A/GSS
0x000000000b3a5000 	/usr/lib/libresolv.9.dylib
0x000000000b3a5000 	/usr/lib/libiconv.2.dylib
0x000000000b3a5000 	/System/Library/PrivateFrameworks/Heimdal.framework/Versions/A/Heimdal
0x000000000b3a5000 	/usr/lib/libheimdal-asn1.dylib
0x000000000b3a5000 	/System/Library/Frameworks/OpenDirectory.framework/Versions/A/OpenDirectory
0x000000000b3a5000 	/System/Library/PrivateFrameworks/CommonAuth.framework/Versions/A/CommonAuth
0x000000000b3a5000 	/System/Library/Frameworks/OpenDirectory.framework/Versions/A/Frameworks/CFOpenDirectory.framework/Versions/A/CFOpenDirectory
0x000000000b3a5000 	/System/Library/Frameworks/SecurityFoundation.framework/Versions/A/SecurityFoundation
0x000000000b3a5000 	/System/Library/PrivateFrameworks/LanguageModeling.framework/Versions/A/LanguageModeling
0x000000000b3a5000 	/usr/lib/libcmph.dylib
0x000000000b3a5000 	/System/Library/Frameworks/ServiceManagement.framework/Versions/A/ServiceManagement
0x000000000b3a5000 	/usr/lib/libxslt.1.dylib
0x000000000b3a5000 	/System/Library/Frameworks/Carbon.framework/Versions/A/Frameworks/Ink.framework/Versions/A/Ink
0x000000000b3a5000 	/System/Library/Frameworks/QuartzCore.framework/Versions/A/Frameworks/CoreImage.framework/Versions/A/CoreImage
0x000000000b3a5000 	/System/Library/PrivateFrameworks/CrashReporterSupport.framework/Versions/A/CrashReporterSupport
0x000000000b3a5000 	/System/Library/Frameworks/OpenCL.framework/Versions/A/OpenCL
0x000000000b3a5000 	/System/Library/PrivateFrameworks/FaceCore.framework/Versions/A/FaceCore
0x000000000b3a5000 	/System/Library/PrivateFrameworks/Ubiquity.framework/Versions/A/Ubiquity
0x000000000b3a5000 	/System/Library/PrivateFrameworks/IconServices.framework/Versions/A/IconServices
0x000000000b3a5000 	/System/Library/PrivateFrameworks/ChunkingLibrary.framework/Versions/A/ChunkingLibrary
0x000000000b3a5000 	/System/Library/PrivateFrameworks/Apple80211.framework/Versions/A/Apple80211
0x000000000b3a5000 	/System/Library/Frameworks/CoreWLAN.framework/Versions/A/CoreWLAN
0x000000000b3a5000 	/System/Library/Frameworks/IOBluetooth.framework/Versions/A/IOBluetooth
0x000000000b3a5000 	/System/Library/PrivateFrameworks/CoreWiFi.framework/Versions/A/CoreWiFi
0x000000000b3a5000 	/System/Library/Frameworks/CoreBluetooth.framework/Versions/A/CoreBluetooth
0x000000000b3a5000 	/System/Library/PrivateFrameworks/DebugSymbols.framework/Versions/A/DebugSymbols
0x000000000b3a5000 	/System/Library/PrivateFrameworks/CoreSymbolication.framework/Versions/A/CoreSymbolication
0x000000000b3a5000 	/System/Library/PrivateFrameworks/Symbolication.framework/Versions/A/Symbolication
0x000000000b3a5000 	/System/Library/PrivateFrameworks/SpeechRecognitionCore.framework/Versions/A/SpeechRecognitionCore
0x0000000108e00000 	/Library/Java/JavaVirtualMachines/jdk1.8.0_45.jdk/Contents/Home/jre/lib/server/libjvm.dylib
0x000000000b3a5000 	/usr/lib/libstdc++.6.dylib
0x0000000108558000 	/Library/Java/JavaVirtualMachines/jdk1.8.0_45.jdk/Contents/Home/jre/lib/libverify.dylib
0x0000000108566000 	/Library/Java/JavaVirtualMachines/jdk1.8.0_45.jdk/Contents/Home/jre/lib/libjava.dylib
0x00000001085a5000 	/Library/Java/JavaVirtualMachines/jdk1.8.0_45.jdk/Contents/Home/jre/lib/libzip.dylib
0x000000011fd90000 	/System/Library/Frameworks/JavaVM.framework/Frameworks/JavaRuntimeSupport.framework/JavaRuntimeSupport
0x000000011fda8000 	/System/Library/Frameworks/JavaVM.framework/Versions/A/Frameworks/JavaNativeFoundation.framework/Versions/A/JavaNativeFoundation
0x000000011fdbd000 	/System/Library/Frameworks/JavaVM.framework/Versions/A/JavaVM
0x000000000b3a5000 	/System/Library/Frameworks/Carbon.framework/Versions/A/Carbon
0x000000011fdca000 	/System/Library/PrivateFrameworks/JavaLaunching.framework/Versions/A/JavaLaunching
0x000000000b3a5000 	/System/Library/Frameworks/Carbon.framework/Versions/A/Frameworks/CommonPanels.framework/Versions/A/CommonPanels
0x000000000b3a5000 	/System/Library/Frameworks/Carbon.framework/Versions/A/Frameworks/Help.framework/Versions/A/Help
0x000000000b3a5000 	/System/Library/Frameworks/Carbon.framework/Versions/A/Frameworks/ImageCapture.framework/Versions/A/ImageCapture
0x000000000b3a5000 	/System/Library/Frameworks/Carbon.framework/Versions/A/Frameworks/OpenScripting.framework/Versions/A/OpenScripting
0x000000000b3a5000 	/System/Library/Frameworks/Carbon.framework/Versions/A/Frameworks/Print.framework/Versions/A/Print
0x000000000b3a5000 	/System/Library/Frameworks/Carbon.framework/Versions/A/Frameworks/SecurityHI.framework/Versions/A/SecurityHI
0x0000000121e98000 	/Library/Java/JavaVirtualMachines/jdk1.8.0_45.jdk/Contents/Home/jre/lib/libprism_es2.dylib
0x000000000b3a5000 	/System/Library/Frameworks/OpenGL.framework/Versions/A/Resources/GLEngine.bundle/GLEngine
0x000000000b3a5000 	/System/Library/Frameworks/OpenGL.framework/Versions/A/Libraries/libGLProgrammability.dylib
0x0000000000000000 	/System/Library/Extensions/AppleIntelHD5000GraphicsGLDriver.bundle/Contents/MacOS/AppleIntelHD5000GraphicsGLDriver
0x000000000b3a5000 	/System/Library/PrivateFrameworks/IOAccelerator.framework/Versions/A/IOAccelerator
0x000000000b3a5000 	/System/Library/PrivateFrameworks/GPUSupport.framework/Versions/A/Libraries/libGPUSupportMercury.dylib
0x000000000b3a5000 	/System/Library/Frameworks/OpenGL.framework/Versions/A/Resources/GLRendererFloat.bundle/GLRendererFloat
0x000000000b3a5000 	/System/Library/Frameworks/OpenCL.framework/Versions/A/Libraries/libcldcpuengine.dylib
0x000000000b3a5000 	/System/Library/PrivateFrameworks/DiskImages.framework/Versions/A/DiskImages
0x000000000b3a5000 	/System/Library/Frameworks/DiscRecording.framework/Versions/A/DiscRecording
0x000000000b3a5000 	/usr/lib/libcsfde.dylib
0x000000000b3a5000 	/usr/lib/libcurl.4.dylib
0x000000000b3a5000 	/System/Library/PrivateFrameworks/MediaKit.framework/Versions/A/MediaKit
0x000000000b3a5000 	/System/Library/PrivateFrameworks/ProtectedCloudStorage.framework/Versions/A/ProtectedCloudStorage
0x000000000b3a5000 	/usr/lib/libCoreStorage.dylib
0x000000000b3a5000 	/System/Library/PrivateFrameworks/EFILogin.framework/Versions/A/EFILogin
0x000000000b3a5000 	/usr/lib/libutil.dylib
0x000000000b3a5000 	/System/Library/PrivateFrameworks/FindMyDevice.framework/Versions/A/FindMyDevice
0x000000000b3a5000 	/System/Library/Frameworks/LDAP.framework/Versions/A/LDAP
0x000000000b3a5000 	/usr/lib/libsasl2.2.dylib
0x000000000b3a5000 	/System/Library/PrivateFrameworks/CoreDaemon.framework/Versions/B/CoreDaemon
0x000000000b3a5000 	/usr/lib/libcrypto.0.9.8.dylib
0x000000000b3a5000 	/System/Library/PrivateFrameworks/AppleSRP.framework/Versions/A/AppleSRP
0x000000000b3a5000 	/System/Library/PrivateFrameworks/TrustEvaluationAgent.framework/Versions/A/TrustEvaluationAgent
0x000000012234a000 	/Library/Java/JavaVirtualMachines/jdk1.8.0_45.jdk/Contents/Home/jre/lib/libglass.dylib
0x000000000b3a5000 	/System/Library/PrivateFrameworks/CoreServicesInternal.framework/Versions/A/CoreServicesInternal
0x000000000b3a5000 	/System/Library/PrivateFrameworks/CloudDocs.framework/Versions/A/CloudDocs
0x000000000b3a5000 	/System/Library/PrivateFrameworks/CoreDuet.framework/Versions/A/CoreDuet
0x000000000b3a5000 	/System/Library/Frameworks/CloudKit.framework/Versions/A/CloudKit
0x000000000b3a5000 	/System/Library/PrivateFrameworks/ProtocolBuffer.framework/Versions/A/ProtocolBuffer
0x000000000b3a5000 	/System/Library/PrivateFrameworks/CoreDuetDaemonProtocol.framework/Versions/A/CoreDuetDaemonProtocol
0x000000000b3a5000 	/System/Library/PrivateFrameworks/CoreDuetDebugLogging.framework/Versions/A/CoreDuetDebugLogging
0x000000000b3a5000 	/System/Library/PrivateFrameworks/MMCS.framework/Versions/A/MMCS
0x000000000b3a5000 	/System/Library/Frameworks/CoreLocation.framework/Versions/A/CoreLocation
0x000000000b3a5000 	/System/Library/PrivateFrameworks/GeoServices.framework/Versions/A/GeoServices
0x000000000b3a5000 	/System/Library/Frameworks/CoreGraphics.framework/Versions/A/Resources/libCGCMS.A.dylib
0x000000000b3a5000 	/System/Library/CoreServices/RawCamera.bundle/Contents/MacOS/RawCamera
0x000000000b3a5000 	/System/Library/Frameworks/CoreGraphics.framework/Versions/A/Resources/libRIP.A.dylib
0x000000000b3a5000 	/System/Library/PrivateFrameworks/FamilyControls.framework/Versions/A/FamilyControls
0x000000000b3a5000 	/System/Library/PrivateFrameworks/CommerceKit.framework/Versions/A/Frameworks/CommerceCore.framework/Versions/A/CommerceCore
0x000000000b3a5000 	/System/Library/PrivateFrameworks/SystemAdministration.framework/Versions/A/SystemAdministration
0x000000000b3a5000 	/System/Library/PrivateFrameworks/AppContainer.framework/Versions/A/AppContainer
0x000000000b3a5000 	/System/Library/PrivateFrameworks/SecCodeWrapper.framework/Versions/A/SecCodeWrapper
0x000000000b3a5000 	/System/Library/Frameworks/DirectoryService.framework/Versions/A/DirectoryService
0x000000000b3a5000 	/System/Library/PrivateFrameworks/LoginUIKit.framework/Versions/A/Frameworks/LoginUICore.framework/Versions/A/LoginUICore
0x000000000b3a5000 	/usr/lib/libodfde.dylib
0x000000000b3a5000 	/System/Library/Frameworks/CoreGraphics.framework/Versions/A/Resources/libCGXType.A.dylib
0x000000012746e000 	cl_kernels
0x0000000127470000 	/System/Library/Frameworks/OpenCL.framework/Versions/A/Libraries/ImageFormats/unorm8_bgra.dylib
0x000000012745f000 	cl_kernels

VM Arguments:
jvm_args: -Dfile.encoding=UTF-8 
java_command: Exercise15_04
java_class_path (initial): /Users/Aqrabawi/Documents/Trios/Java/Project/Chapter 15/bin
Launcher Type: SUN_STANDARD

Environment Variables:
PATH=/usr/bin:/bin:/usr/sbin:/sbin
SHELL=/bin/bash
DISPLAY=/private/tmp/com.apple.launchd.fn879fMxGD/org.macosforge.xquartz:0

Signal Handlers:
SIGSEGV: [libjvm.dylib+0x58ef95], sa_mask[0]=11111111011111110111111111111111, sa_flags=SA_ONSTACK|SA_RESTART|SA_SIGINFO
SIGBUS: [libjvm.dylib+0x58ef95], sa_mask[0]=11111111011111110111111111111111, sa_flags=SA_RESTART|SA_SIGINFO
SIGFPE: [libjvm.dylib+0x46c108], sa_mask[0]=11111111011111110111111111111111, sa_flags=SA_RESTART|SA_SIGINFO
SIGPIPE: [libjvm.dylib+0x46c108], sa_mask[0]=11111111011111110111111111111111, sa_flags=SA_RESTART|SA_SIGINFO
SIGXFSZ: [libjvm.dylib+0x46c108], sa_mask[0]=11111111011111110111111111111111, sa_flags=SA_RESTART|SA_SIGINFO
SIGILL: [libjvm.dylib+0x46c108], sa_mask[0]=11111111011111110111111111111111, sa_flags=SA_RESTART|SA_SIGINFO
SIGUSR1: SIG_DFL, sa_mask[0]=00000000000000000000000000000000, sa_flags=none
SIGUSR2: [libjvm.dylib+0x46bc26], sa_mask[0]=00100000000000000000000000000000, sa_flags=SA_RESTART|SA_SIGINFO
SIGHUP: [libjvm.dylib+0x46a1f9], sa_mask[0]=11111111011111110111111111111111, sa_flags=SA_RESTART|SA_SIGINFO
SIGINT: [libjvm.dylib+0x46a1f9], sa_mask[0]=11111111011111110111111111111111, sa_flags=SA_RESTART|SA_SIGINFO
SIGTERM: [libjvm.dylib+0x46a1f9], sa_mask[0]=11111111011111110111111111111111, sa_flags=SA_RESTART|SA_SIGINFO
SIGQUIT: [libjvm.dylib+0x46a1f9], sa_mask[0]=11111111011111110111111111111111, sa_flags=SA_RESTART|SA_SIGINFO


---------------  S Y S T E M  ---------------

OS:Bsduname:Darwin 14.4.0 Darwin Kernel Version 14.4.0: Thu May 28 11:35:04 PDT 2015; root:xnu-2782.30.5~1/RELEASE_X86_64 x86_64
rlimit: STACK 8192k, CORE 0k, NPROC 709, NOFILE 10240, AS infinity
load average:3.37 2.47 2.31

CPU:total 4 (2 cores per cpu, 2 threads per core) family 6 model 69 stepping 1, cmov, cx8, fxsr, mmx, sse, sse2, sse3, ssse3, sse4.1, sse4.2, popcnt, avx, avx2, aes, clmul, erms, rtm, lzcnt, ht, tsc, tscinvbit, bmi1, bmi2

Memory: 4k page, physical 8388608k(45952k free)

/proc/meminfo:


vm_info: Java HotSpot(TM) 64-Bit Server VM (25.45-b02) for bsd-amd64 JRE (1.8.0_45-b14), built on Apr 10 2015 10:46:38 by "java_re" with gcc 4.2.1 (Based on Apple Inc. build 5658) (LLVM build 2336.11.00)

time: Mon Aug  3 14:17:48 2015
elapsed time: 0 seconds (0d 0h 0m 0s)

